2024-01-16 13:12:46,111 [Worker-4: Loading available Gradle versions] INFO  o.e.b.c.i.u.g.PublishedGradleVersions - Gradle version information cache is up-to-date. Trying to read.
2024-01-16 13:13:22,643 [Worker-7: Building] INFO  o.e.m.c.i.l.LifecycleMappingFactory - Using org.eclipse.m2e.jdt.JarLifecycleMapping lifecycle mapping for MavenProject: com.note.backend:BackEndNoteCreation:0.0.1-SNAPSHOT @ D:\Lorespitia24\Documentos\Cursos\Ejemplo\notesApp\BackEnd\BackEndNoteCreation\pom.xml.
2024-01-16 13:13:26,988 [Worker-7: Building] INFO  o.a.m.s.f.DefaultMavenResourcesFiltering - Copying 1 resource from src\main\resources to target\classes
2024-01-16 13:13:27,149 [Worker-7: Building] INFO  o.a.m.s.f.DefaultMavenResourcesFiltering - skip non existing resourceDirectory D:\Lorespitia24\Documentos\Cursos\Ejemplo\notesApp\BackEnd\BackEndNoteCreation\src\test\resources
2024-01-16 13:13:28,086 [Worker-8: Updating Maven Dependencies] INFO  o.e.m.c.i.l.LifecycleMappingFactory - Using org.eclipse.m2e.jdt.JarLifecycleMapping lifecycle mapping for MavenProject: com.note.backend:BackEndNoteCreation:0.0.1-SNAPSHOT @ D:\Lorespitia24\Documentos\Cursos\Ejemplo\notesApp\BackEnd\BackEndNoteCreation\pom.xml.
2024-01-16 13:13:30,588 [Worker-4: Building] INFO  o.a.m.s.f.DefaultMavenResourcesFiltering - Copying 1 resource from src\main\resources to target\classes
2024-01-16 13:13:30,633 [Worker-4: Building] INFO  o.a.m.s.f.DefaultMavenResourcesFiltering - Copying 0 resource from src\main\resources to target\classes
2024-01-16 13:13:30,646 [Worker-4: Building] INFO  o.a.m.s.f.DefaultMavenResourcesFiltering - skip non existing resourceDirectory D:\Lorespitia24\Documentos\Cursos\Ejemplo\notesApp\BackEnd\BackEndNoteCreation\src\test\resources
2024-01-16 13:16:14,872 [Worker-12: Building] INFO  o.a.m.s.f.DefaultMavenResourcesFiltering - Copying 0 resource from src\main\resources to target\classes
2024-01-16 13:16:14,872 [Worker-12: Building] INFO  o.a.m.s.f.DefaultMavenResourcesFiltering - Copying 0 resource from src\main\resources to target\classes
2024-01-16 13:16:14,875 [Worker-12: Building] INFO  o.a.m.s.f.DefaultMavenResourcesFiltering - skip non existing resourceDirectory D:\Lorespitia24\Documentos\Cursos\Ejemplo\notesApp\BackEnd\BackEndNoteCreation\src\test\resources
2024-01-16 13:23:02,440 [Worker-12: Building] INFO  o.a.m.s.f.DefaultMavenResourcesFiltering - Copying 0 resource from src\main\resources to target\classes
2024-01-16 13:23:02,440 [Worker-12: Building] INFO  o.a.m.s.f.DefaultMavenResourcesFiltering - Copying 0 resource from src\main\resources to target\classes
2024-01-16 13:23:02,443 [Worker-12: Building] INFO  o.a.m.s.f.DefaultMavenResourcesFiltering - skip non existing resourceDirectory D:\Lorespitia24\Documentos\Cursos\Ejemplo\notesApp\BackEnd\BackEndNoteCreation\src\test\resources
2024-01-16 13:24:45,812 [Worker-12: Building] INFO  o.a.m.s.f.DefaultMavenResourcesFiltering - Copying 0 resource from src\main\resources to target\classes
2024-01-16 13:24:45,813 [Worker-12: Building] INFO  o.a.m.s.f.DefaultMavenResourcesFiltering - Copying 0 resource from src\main\resources to target\classes
2024-01-16 13:24:45,816 [Worker-12: Building] INFO  o.a.m.s.f.DefaultMavenResourcesFiltering - skip non existing resourceDirectory D:\Lorespitia24\Documentos\Cursos\Ejemplo\notesApp\BackEnd\BackEndNoteCreation\src\test\resources
2024-01-16 13:25:03,532 [Worker-12: Building] INFO  o.a.m.s.f.DefaultMavenResourcesFiltering - Copying 0 resource from src\main\resources to target\classes
2024-01-16 13:25:03,532 [Worker-12: Building] INFO  o.a.m.s.f.DefaultMavenResourcesFiltering - Copying 0 resource from src\main\resources to target\classes
2024-01-16 13:25:03,535 [Worker-12: Building] INFO  o.a.m.s.f.DefaultMavenResourcesFiltering - skip non existing resourceDirectory D:\Lorespitia24\Documentos\Cursos\Ejemplo\notesApp\BackEnd\BackEndNoteCreation\src\test\resources
2024-01-16 13:25:44,417 [Worker-25: Building] INFO  o.a.m.s.f.DefaultMavenResourcesFiltering - Copying 0 resource from src\main\resources to target\classes
2024-01-16 13:25:44,418 [Worker-25: Building] INFO  o.a.m.s.f.DefaultMavenResourcesFiltering - Copying 0 resource from src\main\resources to target\classes
2024-01-16 13:25:44,421 [Worker-25: Building] INFO  o.a.m.s.f.DefaultMavenResourcesFiltering - skip non existing resourceDirectory D:\Lorespitia24\Documentos\Cursos\Ejemplo\notesApp\BackEnd\BackEndNoteCreation\src\test\resources
2024-01-16 13:26:21,476 [Worker-17: Building] INFO  o.a.m.s.f.DefaultMavenResourcesFiltering - Copying 0 resource from src\main\resources to target\classes
2024-01-16 13:26:21,477 [Worker-17: Building] INFO  o.a.m.s.f.DefaultMavenResourcesFiltering - Copying 0 resource from src\main\resources to target\classes
2024-01-16 13:26:21,481 [Worker-17: Building] INFO  o.a.m.s.f.DefaultMavenResourcesFiltering - skip non existing resourceDirectory D:\Lorespitia24\Documentos\Cursos\Ejemplo\notesApp\BackEnd\BackEndNoteCreation\src\test\resources
2024-01-16 13:26:46,149 [Worker-3: Loading available Gradle versions] INFO  o.e.b.c.i.u.g.PublishedGradleVersions - Gradle version information cache is up-to-date. Trying to read.
2024-01-16 13:27:30,077 [Worker-11: Building] INFO  o.a.m.s.f.DefaultMavenResourcesFiltering - Copying 1 resource from src\main\resources to target\classes
2024-01-16 13:27:30,099 [Worker-11: Building] INFO  o.a.m.s.f.DefaultMavenResourcesFiltering - Copying 0 resource from src\main\resources to target\classes
2024-01-16 13:27:30,103 [Worker-11: Building] INFO  o.a.m.s.f.DefaultMavenResourcesFiltering - skip non existing resourceDirectory D:\Lorespitia24\Documentos\Cursos\Ejemplo\notesApp\BackEnd\BackEndNoteCreation\src\test\resources
2024-01-16 13:29:16,347 [Worker-6: Building] INFO  o.a.m.s.f.DefaultMavenResourcesFiltering - Copying 0 resource from src\main\resources to target\classes
2024-01-16 13:29:16,348 [Worker-6: Building] INFO  o.a.m.s.f.DefaultMavenResourcesFiltering - Copying 0 resource from src\main\resources to target\classes
2024-01-16 13:29:16,351 [Worker-6: Building] INFO  o.a.m.s.f.DefaultMavenResourcesFiltering - skip non existing resourceDirectory D:\Lorespitia24\Documentos\Cursos\Ejemplo\notesApp\BackEnd\BackEndNoteCreation\src\test\resources
2024-01-16 13:31:49,696 [Worker-14: Building] INFO  o.a.m.s.f.DefaultMavenResourcesFiltering - Copying 0 resource from src\main\resources to target\classes
2024-01-16 13:31:49,697 [Worker-14: Building] INFO  o.a.m.s.f.DefaultMavenResourcesFiltering - Copying 0 resource from src\main\resources to target\classes
2024-01-16 13:31:49,699 [Worker-14: Building] INFO  o.a.m.s.f.DefaultMavenResourcesFiltering - skip non existing resourceDirectory D:\Lorespitia24\Documentos\Cursos\Ejemplo\notesApp\BackEnd\BackEndNoteCreation\src\test\resources
2024-01-16 13:33:33,385 [Worker-15: Building] INFO  o.a.m.s.f.DefaultMavenResourcesFiltering - Copying 0 resource from src\main\resources to target\classes
2024-01-16 13:33:33,385 [Worker-15: Building] INFO  o.a.m.s.f.DefaultMavenResourcesFiltering - Copying 0 resource from src\main\resources to target\classes
2024-01-16 13:33:33,387 [Worker-15: Building] INFO  o.a.m.s.f.DefaultMavenResourcesFiltering - skip non existing resourceDirectory D:\Lorespitia24\Documentos\Cursos\Ejemplo\notesApp\BackEnd\BackEndNoteCreation\src\test\resources
2024-01-16 13:34:17,663 [Worker-1: Building] INFO  o.a.m.s.f.DefaultMavenResourcesFiltering - Copying 0 resource from src\main\resources to target\classes
2024-01-16 13:34:17,664 [Worker-1: Building] INFO  o.a.m.s.f.DefaultMavenResourcesFiltering - Copying 0 resource from src\main\resources to target\classes
2024-01-16 13:34:17,667 [Worker-1: Building] INFO  o.a.m.s.f.DefaultMavenResourcesFiltering - skip non existing resourceDirectory D:\Lorespitia24\Documentos\Cursos\Ejemplo\notesApp\BackEnd\BackEndNoteCreation\src\test\resources
